limbo.are
smurf.are
plains.are
ofcol2.are
olympus.are
air.are
shire.are
immort.are
midgaard.are
hitower.are
gnome.are
wyvern.are
catacomb.are
hood.are
draconia.are
mahntor.are
trollden.are
chapel.are
midennir.are
grave.are
school.are
camelot.are
moria.are
eastern.are
drow.are
thalos.are
mirror.are
ofcol.are
aarak.are
haon.are
arachnos.are
dwarven.are
daycare.are
quifael.are
sewer.are
astral.are
valley.are
redferne.are
mega1.are
marsh.are
dream.are
pyramid.are
mirkwood.are
grove.are
nirvana.are
dylan.are
canyon.are
galaxy.are
mobfact.are
newthalos.are
tohell.are
divsouls.are
dark.are
drakyri.are
stonebow.are
sacrifice.are
pirate.are
titan.are
fanatics.are
clans.are
rot.are
help.are
group.are
social.are
$
